[2023-10-11 15:34:45,009] {taskinstance.py:896} INFO - Dependencies all met for <TaskInstance: tf_pipeline.data_preprocessing 2023-10-11T15:33:42.973269+00:00 [queued]>
[2023-10-11 15:34:45,041] {taskinstance.py:896} INFO - Dependencies all met for <TaskInstance: tf_pipeline.data_preprocessing 2023-10-11T15:33:42.973269+00:00 [queued]>
[2023-10-11 15:34:45,042] {taskinstance.py:1087} INFO - 
--------------------------------------------------------------------------------
[2023-10-11 15:34:45,042] {taskinstance.py:1088} INFO - Starting attempt 1 of 1
[2023-10-11 15:34:45,042] {taskinstance.py:1089} INFO - 
--------------------------------------------------------------------------------
[2023-10-11 15:34:45,059] {taskinstance.py:1107} INFO - Executing <Task(PythonOperator): data_preprocessing> on 2023-10-11T15:33:42.973269+00:00
[2023-10-11 15:34:45,072] {standard_task_runner.py:52} INFO - Started process 7972 to run task
[2023-10-11 15:34:45,080] {standard_task_runner.py:76} INFO - Running: ['***', 'tasks', 'run', 'tf_pipeline', 'data_preprocessing', '2023-10-11T15:33:42.973269+00:00', '--job-id', '8', '--pool', 'default_pool', '--raw', '--subdir', 'DAGS_FOLDER/DAG.py', '--cfg-path', '/tmp/tmp_w3u9e0w', '--error-file', '/tmp/tmp4kv7u8lb']
[2023-10-11 15:34:45,086] {standard_task_runner.py:77} INFO - Job 8: Subtask data_preprocessing
[2023-10-11 15:34:45,160] {logging_mixin.py:104} INFO - Running <TaskInstance: tf_pipeline.data_preprocessing 2023-10-11T15:33:42.973269+00:00 [running]> on host 0e092fd43c1f
[2023-10-11 15:34:45,248] {taskinstance.py:1302} INFO - Exporting the following env vars:
AIRFLOW_CTX_DAG_OWNER=***
AIRFLOW_CTX_DAG_ID=tf_pipeline
AIRFLOW_CTX_TASK_ID=data_preprocessing
AIRFLOW_CTX_EXECUTION_DATE=2023-10-11T15:33:42.973269+00:00
AIRFLOW_CTX_DAG_RUN_ID=manual__2023-10-11T15:33:42.973269+00:00
[2023-10-11 15:34:48,203] {logging_mixin.py:104} INFO - Found 22968 images belonging to 7 classes.
[2023-10-11 15:34:48,939] {logging_mixin.py:104} INFO - Found 1432 images belonging to 7 classes.
[2023-10-11 15:34:48,998] {python.py:151} INFO - Done. Returned value was: None
[2023-10-11 15:34:49,019] {taskinstance.py:1211} INFO - Marking task as SUCCESS. dag_id=tf_pipeline, task_id=data_preprocessing, execution_date=20231011T153342, start_date=20231011T153445, end_date=20231011T153449
[2023-10-11 15:34:49,070] {taskinstance.py:1265} INFO - 0 downstream tasks scheduled from follow-on schedule check
[2023-10-11 15:34:49,108] {local_task_job.py:151} INFO - Task exited with return code 0
